<?xml version="1.0" encoding="UTF-8"?>
<!-- Generated by org.testng.reporters.JUnitReportReporter -->
<testsuite hostname="TYSS-Sharoon" failures="0" tests="1" name="scripting.Register" time="10.300" errors="0" timestamp="2023-02-28T12:02:37 IST" skipped="0">
  <testcase classname="scripting.Register" name="run" time="10.300"/>
  <system-out/>
</testsuite> <!-- scripting.Register -->
